<?xml version="1.0" encoding="UTF-8"?>
<!-- Generated by org.testng.reporters.JUnitReportReporter -->
<testsuite hostname="DESKTOP-HNDBH1C" failures="0" tests="3" name="opencartpackage.Login" time="21.399" errors="0" timestamp="2023-06-04T19:31:26 PDT" skipped="1">
  <testcase classname="opencartpackage.Login" name="Getinfo" time="8.797"/>
  <system-out/>
  <testcase classname="opencartpackage.Login" name="Getinfo" time="12.602"/>
  <system-out/>
  <testcase classname="opencartpackage.Login" name="performLogin">
    <skipped/>
  </testcase> <!-- performLogin -->
  <system-out/>
</testsuite> <!-- opencartpackage.Login -->
